<?xml version='1.0' encoding='UTF-8'?>
<testsuite hostname="Bonuss-MacBook-Pro.local" name="LexerSuite" tests="100" errors="0" failures="0" skipped="0" time="0.37">
                     <properties>
[...]
</properties>
                     <testcase classname="LexerSuite" name="simple line comment 1" time="0.079">
                                                 
                                               </testcase><testcase classname="LexerSuite" name="simple line comment 2" time="0.004">
                                                 
                                               </testcase><testcase classname="LexerSuite" name="line comment and an identifier in new line" time="0.002">
                                                 
                                               </testcase><testcase classname="LexerSuite" name="traditional block comment 1" time="0.009">
                                                 
                                               </testcase><testcase classname="LexerSuite" name="traditional block comment 2" time="0.003">
                                                 
                                               </testcase><testcase classname="LexerSuite" name="traditional block comment with a new line inside" time="0.005">
                                                 
                                               </testcase><testcase classname="LexerSuite" name="identifier 1" time="0.003">
                                                 
                                               </testcase><testcase classname="LexerSuite" name="identifier 2" time="0.003">
                                                 
                                               </testcase><testcase classname="LexerSuite" name="identifier 3" time="0.003">
                                                 
                                               </testcase><testcase classname="LexerSuite" name="identifier 4" time="0.002">
                                                 
                                               </testcase><testcase classname="LexerSuite" name="identifier 5" time="0.004">
                                                 
                                               </testcase><testcase classname="LexerSuite" name="identifier 6" time="0.002">
                                                 
                                               </testcase><testcase classname="LexerSuite" name="key word void" time="0.004">
                                                 
                                               </testcase><testcase classname="LexerSuite" name="key word boolean" time="0.003">
                                                 
                                               </testcase><testcase classname="LexerSuite" name="key word int" time="0.005">
                                                 
                                               </testcase><testcase classname="LexerSuite" name="key word float" time="0.002">
                                                 
                                               </testcase><testcase classname="LexerSuite" name="key word string" time="0.003">
                                                 
                                               </testcase><testcase classname="LexerSuite" name="key word true" time="0.003">
                                                 
                                               </testcase><testcase classname="LexerSuite" name="key word false" time="0.003">
                                                 
                                               </testcase><testcase classname="LexerSuite" name="key word break" time="0.003">
                                                 
                                               </testcase><testcase classname="LexerSuite" name="key word continue" time="0.003">
                                                 
                                               </testcase><testcase classname="LexerSuite" name="key word if" time="0.002">
                                                 
                                               </testcase><testcase classname="LexerSuite" name="key word else" time="0.002">
                                                 
                                               </testcase><testcase classname="LexerSuite" name="key word for" time="0.004">
                                                 
                                               </testcase><testcase classname="LexerSuite" name="key word while" time="0.003">
                                                 
                                               </testcase><testcase classname="LexerSuite" name="key word do" time="0.002">
                                                 
                                               </testcase><testcase classname="LexerSuite" name="keyword return" time="0.003">
                                                 
                                               </testcase><testcase classname="LexerSuite" name="keywords and other tokens 1" time="0.003">
                                                 
                                               </testcase><testcase classname="LexerSuite" name="keywords and other tokens 2" time="0.002">
                                                 
                                               </testcase><testcase classname="LexerSuite" name="add operator" time="0.003">
                                                 
                                               </testcase><testcase classname="LexerSuite" name="sub operator" time="0.003">
                                                 
                                               </testcase><testcase classname="LexerSuite" name="multiply operator" time="0.003">
                                                 
                                               </testcase><testcase classname="LexerSuite" name="divide operator" time="0.003">
                                                 
                                               </testcase><testcase classname="LexerSuite" name="modulus operator" time="0.003">
                                                 
                                               </testcase><testcase classname="LexerSuite" name="not operator" time="0.003">
                                                 
                                               </testcase><testcase classname="LexerSuite" name="or operator" time="0.003">
                                                 
                                               </testcase><testcase classname="LexerSuite" name="and operator" time="0.003">
                                                 
                                               </testcase><testcase classname="LexerSuite" name="equal operator" time="0.002">
                                                 
                                               </testcase><testcase classname="LexerSuite" name="not equal operator" time="0.003">
                                                 
                                               </testcase><testcase classname="LexerSuite" name="less than operator" time="0.002">
                                                 
                                               </testcase><testcase classname="LexerSuite" name="greater than operator" time="0.002">
                                                 
                                               </testcase><testcase classname="LexerSuite" name="less than or equal operator" time="0.003">
                                                 
                                               </testcase><testcase classname="LexerSuite" name="greater than or equal operator" time="0.002">
                                                 
                                               </testcase><testcase classname="LexerSuite" name="assign operator" time="0.01">
                                                 
                                               </testcase><testcase classname="LexerSuite" name="several operators 1" time="0.002">
                                                 
                                               </testcase><testcase classname="LexerSuite" name="several operators 2" time="0.002">
                                                 
                                               </testcase><testcase classname="LexerSuite" name="several operators 3" time="0.002">
                                                 
                                               </testcase><testcase classname="LexerSuite" name="operators and other tokens 1" time="0.002">
                                                 
                                               </testcase><testcase classname="LexerSuite" name="operators and and other tokens 2" time="0.003">
                                                 
                                               </testcase><testcase classname="LexerSuite" name="operators and other tokens 3" time="0.002">
                                                 
                                               </testcase><testcase classname="LexerSuite" name="operators and and other tokens 4" time="0.002">
                                                 
                                               </testcase><testcase classname="LexerSuite" name="open and close brackets" time="0.002">
                                                 
                                               </testcase><testcase classname="LexerSuite" name="open and close square brackets" time="0.001">
                                                 
                                               </testcase><testcase classname="LexerSuite" name="open and close parentheses" time="0.001">
                                                 
                                               </testcase><testcase classname="LexerSuite" name="semicolon" time="0.003">
                                                 
                                               </testcase><testcase classname="LexerSuite" name="comma" time="0.002">
                                                 
                                               </testcase><testcase classname="LexerSuite" name="seperators and other tokens 1" time="0.001">
                                                 
                                               </testcase><testcase classname="LexerSuite" name="seperators and other tokens 2" time="0.004">
                                                 
                                               </testcase><testcase classname="LexerSuite" name="simple integer" time="0.003">
                                                 
                                               </testcase><testcase classname="LexerSuite" name="float literal 1" time="0.002">
                                                 
                                               </testcase><testcase classname="LexerSuite" name="float literal 2" time="0.002">
                                                 
                                               </testcase><testcase classname="LexerSuite" name="float literal 3" time="0.002">
                                                 
                                               </testcase><testcase classname="LexerSuite" name="float literal 4" time="0.002">
                                                 
                                               </testcase><testcase classname="LexerSuite" name="float literal 5" time="0.003">
                                                 
                                               </testcase><testcase classname="LexerSuite" name="float literal 6" time="0.004">
                                                 
                                               </testcase><testcase classname="LexerSuite" name="float literal 7" time="0.002">
                                                 
                                               </testcase><testcase classname="LexerSuite" name="float literal 8" time="0.002">
                                                 
                                               </testcase><testcase classname="LexerSuite" name="float literal 9" time="0.003">
                                                 
                                               </testcase><testcase classname="LexerSuite" name="float literal 10" time="0.002">
                                                 
                                               </testcase><testcase classname="LexerSuite" name="float literal 11" time="0.003">
                                                 
                                               </testcase><testcase classname="LexerSuite" name="float literal 12" time="0.002">
                                                 
                                               </testcase><testcase classname="LexerSuite" name="float literal 13" time="0.003">
                                                 
                                               </testcase><testcase classname="LexerSuite" name="float literal 15" time="0.001">
                                                 
                                               </testcase><testcase classname="LexerSuite" name="float literal 16" time="0.002">
                                                 
                                               </testcase><testcase classname="LexerSuite" name="simple string 1" time="0.002">
                                                 
                                               </testcase><testcase classname="LexerSuite" name="simple string 2" time="0.002">
                                                 
                                               </testcase><testcase classname="LexerSuite" name="several strings" time="0.002">
                                                 
                                               </testcase><testcase classname="LexerSuite" name="backspace in string" time="0.006">
                                                 
                                               </testcase><testcase classname="LexerSuite" name="horizontal tab in string" time="0.002">
                                                 
                                               </testcase><testcase classname="LexerSuite" name="formfeed in string" time="0.001">
                                                 
                                               </testcase><testcase classname="LexerSuite" name="backslash in string" time="0.003">
                                                 
                                               </testcase><testcase classname="LexerSuite" name="newline in string" time="0.002">
                                                 
                                               </testcase><testcase classname="LexerSuite" name="single quote in string" time="0.002">
                                                 
                                               </testcase><testcase classname="LexerSuite" name="double quote in string" time="0.002">
                                                 
                                               </testcase><testcase classname="LexerSuite" name="error token 1" time="0.002">
                                                 
                                               </testcase><testcase classname="LexerSuite" name="error token 2" time="0.002">
                                                 
                                               </testcase><testcase classname="LexerSuite" name="error token 3" time="0.002">
                                                 
                                               </testcase><testcase classname="LexerSuite" name="error token 4" time="0.002">
                                                 
                                               </testcase><testcase classname="LexerSuite" name="error token 5" time="0.003">
                                                 
                                               </testcase><testcase classname="LexerSuite" name="error token 6" time="0.005">
                                                 
                                               </testcase><testcase classname="LexerSuite" name="error token 7" time="0.005">
                                                 
                                               </testcase><testcase classname="LexerSuite" name="error token 8" time="0.005">
                                                 
                                               </testcase><testcase classname="LexerSuite" name="unclosed string 1" time="0.003">
                                                 
                                               </testcase><testcase classname="LexerSuite" name="unclosed string 2" time="0.003">
                                                 
                                               </testcase><testcase classname="LexerSuite" name="unclosed string 3" time="0.006">
                                                 
                                               </testcase><testcase classname="LexerSuite" name="unclosed string 4" time="0.003">
                                                 
                                               </testcase><testcase classname="LexerSuite" name="unclosed string 5" time="0.008">
                                                 
                                               </testcase><testcase classname="LexerSuite" name="illegal escape in string 1" time="0.005">
                                                 
                                               </testcase><testcase classname="LexerSuite" name="illegal escape in string 2" time="0.005">
                                                 
                                               </testcase><testcase classname="LexerSuite" name="illegal escape in string 3" time="0.003">
                                                 
                                               </testcase>
                     <system-out><![CDATA[]]></system-out>
                     <system-err><![CDATA[]]></system-err>
                   </testsuite>