<?xml version='1.0' encoding='UTF-8'?>
<testsuite hostname="Bonuss-MacBook-Pro.local" name="ParserSuite" tests="100" errors="0" failures="0" skipped="0" time="0.842">
                     <properties>
[...]
</properties>
                     <testcase classname="ParserSuite" name="a simple program" time="0.123">
                                                 
                                               </testcase><testcase classname="ParserSuite" name="more complex program" time="0.077">
                                                 
                                               </testcase><testcase classname="ParserSuite" name="wrong program" time="0.004">
                                                 
                                               </testcase><testcase classname="ParserSuite" name="line comment 1" time="0.004">
                                                 
                                               </testcase><testcase classname="ParserSuite" name="line comment 2" time="0.003">
                                                 
                                               </testcase><testcase classname="ParserSuite" name="block comment 1" time="0.002">
                                                 
                                               </testcase><testcase classname="ParserSuite" name="block comment 2" time="0.003">
                                                 
                                               </testcase><testcase classname="ParserSuite" name="block comment 3" time="0.003">
                                                 
                                               </testcase><testcase classname="ParserSuite" name="global variable declaration 1" time="0.005">
                                                 
                                               </testcase><testcase classname="ParserSuite" name="global variable declaration 2" time="0.009">
                                                 
                                               </testcase><testcase classname="ParserSuite" name="global variable declaration 3" time="0.005">
                                                 
                                               </testcase><testcase classname="ParserSuite" name="function declaration 1" time="0.004">
                                                 
                                               </testcase><testcase classname="ParserSuite" name="function declaration 2" time="0.014">
                                                 
                                               </testcase><testcase classname="ParserSuite" name="function declaration 3" time="0.018">
                                                 
                                               </testcase><testcase classname="ParserSuite" name="function declaration 4" time="0.016">
                                                 
                                               </testcase><testcase classname="ParserSuite" name="function declaration 5" time="0.017">
                                                 
                                               </testcase><testcase classname="ParserSuite" name="local variable declaration 1" time="0.003">
                                                 
                                               </testcase><testcase classname="ParserSuite" name="local declaration 2" time="0.003">
                                                 
                                               </testcase><testcase classname="ParserSuite" name="local declaration 3" time="0.003">
                                                 
                                               </testcase><testcase classname="ParserSuite" name="local declaration 4" time="0.02">
                                                 
                                               </testcase><testcase classname="ParserSuite" name="variable initialization 1" time="0.002">
                                                 
                                               </testcase><testcase classname="ParserSuite" name="variable initialization 2" time="0.007">
                                                 
                                               </testcase><testcase classname="ParserSuite" name="variable initialization 3" time="0.01">
                                                 
                                               </testcase><testcase classname="ParserSuite" name="variable initialization 4" time="0.031">
                                                 
                                               </testcase><testcase classname="ParserSuite" name="call function 1" time="0.007">
                                                 
                                               </testcase><testcase classname="ParserSuite" name="call function 2" time="0.011">
                                                 
                                               </testcase><testcase classname="ParserSuite" name="call function 3" time="0.014">
                                                 
                                               </testcase><testcase classname="ParserSuite" name="if else statement 1" time="0.009">
                                                 
                                               </testcase><testcase classname="ParserSuite" name="if else statement 2" time="0.011">
                                                 
                                               </testcase><testcase classname="ParserSuite" name="if else statement 3" time="0.012">
                                                 
                                               </testcase><testcase classname="ParserSuite" name="if else statement 4" time="0.012">
                                                 
                                               </testcase><testcase classname="ParserSuite" name="do while statement 1" time="0.006">
                                                 
                                               </testcase><testcase classname="ParserSuite" name="do while statement 2" time="0.01">
                                                 
                                               </testcase><testcase classname="ParserSuite" name="do while statement 3" time="0.012">
                                                 
                                               </testcase><testcase classname="ParserSuite" name="for statement 1" time="0.006">
                                                 
                                               </testcase><testcase classname="ParserSuite" name="for statement 2" time="0.005">
                                                 
                                               </testcase><testcase classname="ParserSuite" name="break statement" time="0.006">
                                                 
                                               </testcase><testcase classname="ParserSuite" name="continue statement" time="0.007">
                                                 
                                               </testcase><testcase classname="ParserSuite" name="return statement 1" time="0.004">
                                                 
                                               </testcase><testcase classname="ParserSuite" name="return statement 2" time="0.004">
                                                 
                                               </testcase><testcase classname="ParserSuite" name="return statement 3" time="0.005">
                                                 
                                               </testcase><testcase classname="ParserSuite" name="expression statement 1" time="0.001">
                                                 
                                               </testcase><testcase classname="ParserSuite" name="expression statement 2" time="0.002">
                                                 
                                               </testcase><testcase classname="ParserSuite" name="expression statement 3" time="0.008">
                                                 
                                               </testcase><testcase classname="ParserSuite" name="expression statement 4" time="0.009">
                                                 
                                               </testcase><testcase classname="ParserSuite" name="expression statement 5" time="0.012">
                                                 
                                               </testcase><testcase classname="ParserSuite" name="expression statement 6" time="0.026">
                                                 
                                               </testcase><testcase classname="ParserSuite" name="expression statement 7" time="0.011">
                                                 
                                               </testcase><testcase classname="ParserSuite" name="expression statement 8" time="0.007">
                                                 
                                               </testcase><testcase classname="ParserSuite" name="operation precedence 1" time="0.008">
                                                 
                                               </testcase><testcase classname="ParserSuite" name="operation precedence 2" time="0.015">
                                                 
                                               </testcase><testcase classname="ParserSuite" name="operation precedence 3" time="0.003">
                                                 
                                               </testcase><testcase classname="ParserSuite" name="operation association 1" time="0.006">
                                                 
                                               </testcase><testcase classname="ParserSuite" name="operation association 2" time="0.003">
                                                 
                                               </testcase><testcase classname="ParserSuite" name="several statements 1" time="0.012">
                                                 
                                               </testcase><testcase classname="ParserSuite" name="several statements 2" time="0.028">
                                                 
                                               </testcase><testcase classname="ParserSuite" name="several statements 3" time="0.031">
                                                 
                                               </testcase><testcase classname="ParserSuite" name="block comment error" time="0.003">
                                                 
                                               </testcase><testcase classname="ParserSuite" name="no semicolon error 1" time="0.004">
                                                 
                                               </testcase><testcase classname="ParserSuite" name="no semicolon error 2" time="0.005">
                                                 
                                               </testcase><testcase classname="ParserSuite" name="declaration error 1" time="0.003">
                                                 
                                               </testcase><testcase classname="ParserSuite" name="declaration error 2" time="0.003">
                                                 
                                               </testcase><testcase classname="ParserSuite" name="declaration error 3" time="0.005">
                                                 
                                               </testcase><testcase classname="ParserSuite" name="declaration error 4" time="0.003">
                                                 
                                               </testcase><testcase classname="ParserSuite" name="declaration error 5" time="0.009">
                                                 
                                               </testcase><testcase classname="ParserSuite" name="declaration error 6" time="0.006">
                                                 
                                               </testcase><testcase classname="ParserSuite" name="declaration error 7" time="0.002">
                                                 
                                               </testcase><testcase classname="ParserSuite" name="initialization error 1" time="0.002">
                                                 
                                               </testcase><testcase classname="ParserSuite" name="initialization error 2" time="0.002">
                                                 
                                               </testcase><testcase classname="ParserSuite" name="function parameter error 1" time="0.002">
                                                 
                                               </testcase><testcase classname="ParserSuite" name="function parameter error 2" time="0.002">
                                                 
                                               </testcase><testcase classname="ParserSuite" name="if else statement error 1" time="0.002">
                                                 
                                               </testcase><testcase classname="ParserSuite" name="if else statement error 3" time="0.002">
                                                 
                                               </testcase><testcase classname="ParserSuite" name="do while statement error 1" time="0.002">
                                                 
                                               </testcase><testcase classname="ParserSuite" name="do while statement error 2" time="0.003">
                                                 
                                               </testcase><testcase classname="ParserSuite" name="do while statement error 3" time="0.003">
                                                 
                                               </testcase><testcase classname="ParserSuite" name="for statement error" time="0.004">
                                                 
                                               </testcase><testcase classname="ParserSuite" name="return statement error 1" time="0.004">
                                                 
                                               </testcase><testcase classname="ParserSuite" name="return statement error 2" time="0.004">
                                                 
                                               </testcase><testcase classname="ParserSuite" name="expression error 1" time="0.002">
                                                 
                                               </testcase><testcase classname="ParserSuite" name="expression error 2" time="0.002">
                                                 
                                               </testcase><testcase classname="ParserSuite" name="expression error 3" time="0.002">
                                                 
                                               </testcase><testcase classname="ParserSuite" name="expression error 4" time="0.003">
                                                 
                                               </testcase><testcase classname="ParserSuite" name="expression error 5" time="0.003">
                                                 
                                               </testcase><testcase classname="ParserSuite" name="expression error 6" time="0.002">
                                                 
                                               </testcase><testcase classname="ParserSuite" name="expression error 7" time="0.003">
                                                 
                                               </testcase><testcase classname="ParserSuite" name="expression error 8" time="0.003">
                                                 
                                               </testcase><testcase classname="ParserSuite" name="expression error 9" time="0.003">
                                                 
                                               </testcase><testcase classname="ParserSuite" name="expression error 10" time="0.002">
                                                 
                                               </testcase><testcase classname="ParserSuite" name="expression error 11" time="0.002">
                                                 
                                               </testcase><testcase classname="ParserSuite" name="expression error 12" time="0.004">
                                                 
                                               </testcase><testcase classname="ParserSuite" name="expression error 13" time="0.003">
                                                 
                                               </testcase><testcase classname="ParserSuite" name="expression error 14" time="0.002">
                                                 
                                               </testcase><testcase classname="ParserSuite" name="expression error 15" time="0.002">
                                                 
                                               </testcase><testcase classname="ParserSuite" name="expression error 16" time="0.005">
                                                 
                                               </testcase><testcase classname="ParserSuite" name="expression error 17" time="0.003">
                                                 
                                               </testcase><testcase classname="ParserSuite" name="expression error 18" time="0.002">
                                                 
                                               </testcase><testcase classname="ParserSuite" name="expression error 19" time="0.003">
                                                 
                                               </testcase><testcase classname="ParserSuite" name="expression error 20" time="0.002">
                                                 
                                               </testcase><testcase classname="ParserSuite" name="expression error 21" time="0.005">
                                                 
                                               </testcase>
                     <system-out><![CDATA[]]></system-out>
                     <system-err><![CDATA[]]></system-err>
                   </testsuite>